/home/mathys/.pyenv/versions/3.12.3/lib/python3.12/site-packages/torch/cuda/__init__.py:174: UserWarning: CUDA initialization: Unexpected error from cudaGetDeviceCount(). Did you run some cuda functions before calling NumCudaDevices() that might have already set an error? Error 804: forward compatibility was attempted on non supported HW (Triggered internally at /pytorch/c10/cuda/CUDAFunctions.cpp:109.)
  return torch._C._cuda_getDeviceCount() > 0
Starting from trial ID 1
[DB] Created table trial_1
     | Epoch 1/10 - Actor loss : -0.0739, Critic loss : 0.9412
     | Epoch 2/10 - Actor loss : -0.0889, Critic loss : 0.8784
     | Epoch 3/10 - Actor loss : -0.0933, Critic loss : 0.8289
     | Epoch 4/10 - Actor loss : -0.0883, Critic loss : 0.7919
     | Epoch 5/10 - Actor loss : -0.0913, Critic loss : 0.7574
     | Epoch 6/10 - Actor loss : -0.0958, Critic loss : 0.6996
     | Epoch 7/10 - Actor loss : -0.1014, Critic loss : 0.6411
     | Epoch 8/10 - Actor loss : -0.1075, Critic loss : 0.5861
     | Epoch 9/10 - Actor loss : -0.1131, Critic loss : 0.5124
     | Epoch 10/10 - Actor loss : -0.1210, Critic loss : 0.4636
... saving models ...
Reward is 0
Episode 1/100 finished, total reward  : 0.000, actions taken : {'hold': 2011}
     | Epoch 1/10 - Actor loss : -0.0668, Critic loss : 0.9013
     | Epoch 2/10 - Actor loss : -0.0762, Critic loss : 0.8521
     | Epoch 3/10 - Actor loss : -0.0899, Critic loss : 0.8657
     | Epoch 4/10 - Actor loss : -0.0926, Critic loss : 0.7995
     | Epoch 5/10 - Actor loss : -0.0941, Critic loss : 0.8141
     | Epoch 6/10 - Actor loss : -0.0944, Critic loss : 0.8104
     | Epoch 7/10 - Actor loss : -0.0941, Critic loss : 0.8333
     | Epoch 8/10 - Actor loss : -0.0977, Critic loss : 0.8352
     | Epoch 9/10 - Actor loss : -0.0958, Critic loss : 0.8505
     | Epoch 10/10 - Actor loss : -0.0968, Critic loss : 0.7960
Episode 2/100 finished, total reward  : -12.740, actions taken : {'hold': 2010, 'buy': 1}
     | Epoch 1/10 - Actor loss : -0.0908, Critic loss : 0.5986
     | Epoch 2/10 - Actor loss : -0.1057, Critic loss : 0.3103
     | Epoch 3/10 - Actor loss : -0.1124, Critic loss : 0.2687
     | Epoch 4/10 - Actor loss : -0.1186, Critic loss : 0.2451
     | Epoch 5/10 - Actor loss : -0.1227, Critic loss : 0.2310
     | Epoch 6/10 - Actor loss : -0.1281, Critic loss : 0.2186
     | Epoch 7/10 - Actor loss : -0.1342, Critic loss : 0.2149
     | Epoch 8/10 - Actor loss : -0.1373, Critic loss : 0.1981
     | Epoch 9/10 - Actor loss : -0.1451, Critic loss : 0.1930
     | Epoch 10/10 - Actor loss : -0.1535, Critic loss : 0.1870
... saving models ...
Reward is 0
Episode 3/100 finished, total reward  : 0.000, actions taken : {'hold': 2011}
     | Epoch 1/10 - Actor loss : -0.0885, Critic loss : 0.7185
     | Epoch 2/10 - Actor loss : -0.1449, Critic loss : 0.5074
     | Epoch 3/10 - Actor loss : -0.1541, Critic loss : 0.4667
     | Epoch 4/10 - Actor loss : -0.1592, Critic loss : 0.4134
     | Epoch 5/10 - Actor loss : -0.1587, Critic loss : 0.3664
     | Epoch 6/10 - Actor loss : -0.1616, Critic loss : 0.3117
     | Epoch 7/10 - Actor loss : -0.1570, Critic loss : 0.2650
     | Epoch 8/10 - Actor loss : -0.1621, Critic loss : 0.2280
     | Epoch 9/10 - Actor loss : -0.1610, Critic loss : 0.1985
     | Epoch 10/10 - Actor loss : -0.1624, Critic loss : 0.1812
... saving models ...
Reward is 0
Episode 4/100 finished, total reward  : 0.000, actions taken : {'hold': 2011}
     | Epoch 1/10 - Actor loss : -0.0857, Critic loss : 0.6393
     | Epoch 2/10 - Actor loss : -0.1019, Critic loss : 0.3105
     | Epoch 3/10 - Actor loss : -0.1066, Critic loss : 0.2937
     | Epoch 4/10 - Actor loss : -0.1188, Critic loss : 0.2878
     | Epoch 5/10 - Actor loss : -0.1263, Critic loss : 0.2847
     | Epoch 6/10 - Actor loss : -0.1367, Critic loss : 0.2804
     | Epoch 7/10 - Actor loss : -0.1481, Critic loss : 0.2774
     | Epoch 8/10 - Actor loss : -0.1571, Critic loss : 0.2702
     | Epoch 9/10 - Actor loss : -0.1725, Critic loss : 0.2627
     | Epoch 10/10 - Actor loss : -0.1828, Critic loss : 0.2502
... saving models ...
Reward is 0
Episode 5/100 finished, total reward  : 0.000, actions taken : {'hold': 2011}
     | Epoch 1/10 - Actor loss : -0.0746, Critic loss : 0.9790
     | Epoch 2/10 - Actor loss : -0.1119, Critic loss : 0.9302
     | Epoch 3/10 - Actor loss : -0.1199, Critic loss : 0.9295
     | Epoch 4/10 - Actor loss : -0.1228, Critic loss : 0.9173
     | Epoch 5/10 - Actor loss : -0.1239, Critic loss : 0.9150
     | Epoch 6/10 - Actor loss : -0.1255, Critic loss : 0.8966
     | Epoch 7/10 - Actor loss : -0.1260, Critic loss : 0.8862
     | Epoch 8/10 - Actor loss : -0.1237, Critic loss : 0.8771
     | Epoch 9/10 - Actor loss : -0.1288, Critic loss : 0.8617
     | Epoch 10/10 - Actor loss : -0.1277, Critic loss : 0.8622
... saving models ...
Reward is 15.24999713897705
Episode 6/100 finished, total reward  : 15.250, actions taken : {'hold': 2010, 'buy': 1}
     | Epoch 1/10 - Actor loss : -0.0954, Critic loss : 0.8495
     | Epoch 2/10 - Actor loss : -0.1286, Critic loss : 0.7716
     | Epoch 3/10 - Actor loss : -0.1529, Critic loss : 0.7457
     | Epoch 4/10 - Actor loss : -0.1715, Critic loss : 0.7149
     | Epoch 5/10 - Actor loss : -0.1800, Critic loss : 0.6537
     | Epoch 6/10 - Actor loss : -0.1850, Critic loss : 0.6052
     | Epoch 7/10 - Actor loss : -0.1817, Critic loss : 0.5541
     | Epoch 8/10 - Actor loss : -0.1846, Critic loss : 0.5236
     | Epoch 9/10 - Actor loss : -0.1896, Critic loss : 0.5022
     | Epoch 10/10 - Actor loss : -0.1850, Critic loss : 0.4798
Episode 7/100 finished, total reward  : 0.000, actions taken : {'hold': 2011}
     | Epoch 1/10 - Actor loss : -0.0688, Critic loss : 0.9138
     | Epoch 2/10 - Actor loss : -0.1061, Critic loss : 0.8348
     | Epoch 3/10 - Actor loss : -0.1087, Critic loss : 0.8188
     | Epoch 4/10 - Actor loss : -0.1118, Critic loss : 0.8242
     | Epoch 5/10 - Actor loss : -0.1119, Critic loss : 0.8119
     | Epoch 6/10 - Actor loss : -0.1051, Critic loss : 0.8222
     | Epoch 7/10 - Actor loss : -0.1092, Critic loss : 0.8096
     | Epoch 8/10 - Actor loss : -0.1112, Critic loss : 0.8213
     | Epoch 9/10 - Actor loss : -0.1145, Critic loss : 0.8232
     | Epoch 10/10 - Actor loss : -0.1132, Critic loss : 0.8070
... saving models ...
Reward is 44.640013694763184
Episode 8/100 finished, total reward  : 44.640, actions taken : {'hold': 1916, 'buy': 48, 'sell': 47}
     | Epoch 1/10 - Actor loss : -0.0968, Critic loss : 0.8710
     | Epoch 2/10 - Actor loss : -0.1365, Critic loss : 0.7893
     | Epoch 3/10 - Actor loss : -0.1502, Critic loss : 0.7364
     | Epoch 4/10 - Actor loss : -0.1677, Critic loss : 0.7133
     | Epoch 5/10 - Actor loss : -0.1760, Critic loss : 0.6760
     | Epoch 6/10 - Actor loss : -0.1875, Critic loss : 0.6304
     | Epoch 7/10 - Actor loss : -0.1903, Critic loss : 0.4943
     | Epoch 8/10 - Actor loss : -0.1875, Critic loss : 0.3734
     | Epoch 9/10 - Actor loss : -0.1919, Critic loss : 0.2465
     | Epoch 10/10 - Actor loss : -0.1942, Critic loss : 0.1709
Episode 9/100 finished, total reward  : 0.000, actions taken : {'hold': 2011}
     | Epoch 1/10 - Actor loss : -0.0671, Critic loss : 1.0047
     | Epoch 2/10 - Actor loss : -0.0814, Critic loss : 0.9850
     | Epoch 3/10 - Actor loss : -0.0664, Critic loss : 0.9678
     | Epoch 4/10 - Actor loss : -0.0848, Critic loss : 0.9372
     | Epoch 5/10 - Actor loss : -0.0905, Critic loss : 0.9207
     | Epoch 6/10 - Actor loss : -0.0890, Critic loss : 0.9302
     | Epoch 7/10 - Actor loss : -0.0894, Critic loss : 0.9055
     | Epoch 8/10 - Actor loss : -0.0902, Critic loss : 0.8985
     | Epoch 9/10 - Actor loss : -0.0938, Critic loss : 0.8991
     | Epoch 10/10 - Actor loss : -0.0950, Critic loss : 0.8945
Episode 10/100 finished, total reward  : -2090.170, actions taken : {'hold': 1912, 'buy': 50, 'sell': 49}
     | Epoch 1/10 - Actor loss : -0.0930, Critic loss : 0.8828
     | Epoch 2/10 - Actor loss : -0.1113, Critic loss : 0.7979
     | Epoch 3/10 - Actor loss : -0.1171, Critic loss : 0.7845
     | Epoch 4/10 - Actor loss : -0.1252, Critic loss : 0.7777
     | Epoch 5/10 - Actor loss : -0.1196, Critic loss : 0.7854
     | Epoch 6/10 - Actor loss : -0.1234, Critic loss : 0.8201
     | Epoch 7/10 - Actor loss : -0.1334, Critic loss : 0.8095
     | Epoch 8/10 - Actor loss : -0.1326, Critic loss : 0.7838
     | Epoch 9/10 - Actor loss : -0.1354, Critic loss : 0.7692
     | Epoch 10/10 - Actor loss : -0.1360, Critic loss : 0.7700
Episode 11/100 finished, total reward  : -707.579, actions taken : {'hold': 2008, 'buy': 2, 'sell': 1}
     | Epoch 1/10 - Actor loss : -0.0815, Critic loss : 0.5377
     | Epoch 2/10 - Actor loss : -0.1379, Critic loss : 0.2847
     | Epoch 3/10 - Actor loss : -0.1463, Critic loss : 0.2610
     | Epoch 4/10 - Actor loss : -0.1517, Critic loss : 0.2489
     | Epoch 5/10 - Actor loss : -0.1486, Critic loss : 0.2324
     | Epoch 6/10 - Actor loss : -0.1566, Critic loss : 0.2152
     | Epoch 7/10 - Actor loss : -0.1607, Critic loss : 0.1917
     | Epoch 8/10 - Actor loss : -0.1704, Critic loss : 0.1551
     | Epoch 9/10 - Actor loss : -0.1779, Critic loss : 0.1135
     | Epoch 10/10 - Actor loss : -0.1819, Critic loss : 0.0974
Episode 12/100 finished, total reward  : 0.000, actions taken : {'hold': 2011}
     | Epoch 1/10 - Actor loss : -0.1055, Critic loss : 0.5967
     | Epoch 2/10 - Actor loss : -0.1479, Critic loss : 0.4449
     | Epoch 3/10 - Actor loss : -0.1573, Critic loss : 0.4375
     | Epoch 4/10 - Actor loss : -0.1652, Critic loss : 0.4382
     | Epoch 5/10 - Actor loss : -0.1666, Critic loss : 0.4341
     | Epoch 6/10 - Actor loss : -0.1701, Critic loss : 0.4366
     | Epoch 7/10 - Actor loss : -0.1729, Critic loss : 0.4360
     | Epoch 8/10 - Actor loss : -0.1784, Critic loss : 0.4346
     | Epoch 9/10 - Actor loss : -0.1761, Critic loss : 0.4326
     | Epoch 10/10 - Actor loss : -0.1807, Critic loss : 0.4312
Episode 13/100 finished, total reward  : 0.000, actions taken : {'hold': 2011}
     | Epoch 1/10 - Actor loss : -0.1025, Critic loss : 0.9416
     | Epoch 2/10 - Actor loss : -0.1226, Critic loss : 0.8650
     | Epoch 3/10 - Actor loss : -0.1300, Critic loss : 0.7908
     | Epoch 4/10 - Actor loss : -0.1278, Critic loss : 0.6735
     | Epoch 5/10 - Actor loss : -0.1325, Critic loss : 0.5870
     | Epoch 6/10 - Actor loss : -0.1292, Critic loss : 0.5446
     | Epoch 7/10 - Actor loss : -0.1345, Critic loss : 0.5326
     | Epoch 8/10 - Actor loss : -0.1342, Critic loss : 0.5152
     | Epoch 9/10 - Actor loss : -0.1367, Critic loss : 0.4889
     | Epoch 10/10 - Actor loss : -0.1400, Critic loss : 0.4663
Episode 14/100 finished, total reward  : 0.000, actions taken : {'hold': 2011}
     | Epoch 1/10 - Actor loss : -0.0585, Critic loss : 0.5884
     | Epoch 2/10 - Actor loss : -0.1037, Critic loss : 0.3624
     | Epoch 3/10 - Actor loss : -0.1190, Critic loss : 0.3194
     | Epoch 4/10 - Actor loss : -0.1284, Critic loss : 0.2881
     | Epoch 5/10 - Actor loss : -0.1363, Critic loss : 0.2405
     | Epoch 6/10 - Actor loss : -0.1592, Critic loss : 0.2012
     | Epoch 7/10 - Actor loss : -0.1685, Critic loss : 0.1528
     | Epoch 8/10 - Actor loss : -0.1698, Critic loss : 0.1365
     | Epoch 9/10 - Actor loss : -0.1711, Critic loss : 0.1216
     | Epoch 10/10 - Actor loss : -0.1770, Critic loss : 0.1115
Episode 15/100 finished, total reward  : 0.000, actions taken : {'hold': 2011}
     | Epoch 1/10 - Actor loss : -0.0408, Critic loss : 0.9984
     | Epoch 2/10 - Actor loss : -0.0729, Critic loss : 1.0071
     | Epoch 3/10 - Actor loss : -0.0852, Critic loss : 1.0197
     | Epoch 4/10 - Actor loss : -0.0856, Critic loss : 0.9828
     | Epoch 5/10 - Actor loss : -0.0921, Critic loss : 0.9762
     | Epoch 6/10 - Actor loss : -0.0929, Critic loss : 0.9809
     | Epoch 7/10 - Actor loss : -0.0876, Critic loss : 0.9744
     | Epoch 8/10 - Actor loss : -0.0895, Critic loss : 0.9685
     | Epoch 9/10 - Actor loss : -0.0895, Critic loss : 1.0132
     | Epoch 10/10 - Actor loss : -0.0914, Critic loss : 0.9762
Episode 16/100 finished, total reward  : -681.920, actions taken : {'hold': 1998, 'buy': 7, 'sell': 6}
     | Epoch 1/10 - Actor loss : -0.0883, Critic loss : 0.6041
     | Epoch 2/10 - Actor loss : -0.1435, Critic loss : 0.3368
     | Epoch 3/10 - Actor loss : -0.1628, Critic loss : 0.2964
     | Epoch 4/10 - Actor loss : -0.1679, Critic loss : 0.2504
     | Epoch 5/10 - Actor loss : -0.1690, Critic loss : 0.2131
     | Epoch 6/10 - Actor loss : -0.1726, Critic loss : 0.1898
     | Epoch 7/10 - Actor loss : -0.1786, Critic loss : 0.1746
     | Epoch 8/10 - Actor loss : -0.1785, Critic loss : 0.1628
     | Epoch 9/10 - Actor loss : -0.1802, Critic loss : 0.1644
     | Epoch 10/10 - Actor loss : -0.1862, Critic loss : 0.1544
Episode 17/100 finished, total reward  : 0.000, actions taken : {'hold': 2011}
     | Epoch 1/10 - Actor loss : -0.0801, Critic loss : 0.5409
     | Epoch 2/10 - Actor loss : -0.1285, Critic loss : 0.4013
     | Epoch 3/10 - Actor loss : -0.1373, Critic loss : 0.3935
     | Epoch 4/10 - Actor loss : -0.1481, Critic loss : 0.3829
     | Epoch 5/10 - Actor loss : -0.1546, Critic loss : 0.3360
     | Epoch 6/10 - Actor loss : -0.1659, Critic loss : 0.3012
     | Epoch 7/10 - Actor loss : -0.1723, Critic loss : 0.2392
     | Epoch 8/10 - Actor loss : -0.1831, Critic loss : 0.1827
     | Epoch 9/10 - Actor loss : -0.1925, Critic loss : 0.1303
     | Epoch 10/10 - Actor loss : -0.2004, Critic loss : 0.0931
Episode 18/100 finished, total reward  : 0.000, actions taken : {'hold': 2011}
     | Epoch 1/10 - Actor loss : -0.1120, Critic loss : 0.9257
     | Epoch 2/10 - Actor loss : -0.1306, Critic loss : 0.8726
     | Epoch 3/10 - Actor loss : -0.1304, Critic loss : 0.8196
     | Epoch 4/10 - Actor loss : -0.1329, Critic loss : 0.7964
     | Epoch 5/10 - Actor loss : -0.1300, Critic loss : 0.8320
     | Epoch 6/10 - Actor loss : -0.1384, Critic loss : 0.8084
     | Epoch 7/10 - Actor loss : -0.1383, Critic loss : 0.8087
     | Epoch 8/10 - Actor loss : -0.1406, Critic loss : 0.8204
     | Epoch 9/10 - Actor loss : -0.1429, Critic loss : 0.7884
     | Epoch 10/10 - Actor loss : -0.1347, Critic loss : 0.7904
Episode 19/100 finished, total reward  : -1074.971, actions taken : {'hold': 2009, 'buy': 1, 'sell': 1}
     | Epoch 1/10 - Actor loss : -0.1062, Critic loss : 0.6359
     | Epoch 2/10 - Actor loss : -0.1694, Critic loss : 0.3474
     | Epoch 3/10 - Actor loss : -0.1807, Critic loss : 0.3234
     | Epoch 4/10 - Actor loss : -0.1841, Critic loss : 0.2821
     | Epoch 5/10 - Actor loss : -0.1856, Critic loss : 0.2288
     | Epoch 6/10 - Actor loss : -0.1894, Critic loss : 0.1804
     | Epoch 7/10 - Actor loss : -0.1928, Critic loss : 0.1424
     | Epoch 8/10 - Actor loss : -0.1948, Critic loss : 0.1097
     | Epoch 9/10 - Actor loss : -0.1926, Critic loss : 0.0893
     | Epoch 10/10 - Actor loss : -0.1998, Critic loss : 0.0733
... saving models ...
Episode 20/100 finished, total reward  : 0.000, actions taken : {'hold': 2011}
     | Epoch 1/10 - Actor loss : -0.0823, Critic loss : 0.6008
     | Epoch 2/10 - Actor loss : -0.1230, Critic loss : 0.3215
     | Epoch 3/10 - Actor loss : -0.1351, Critic loss : 0.3130
     | Epoch 4/10 - Actor loss : -0.1474, Critic loss : 0.3160
     | Epoch 5/10 - Actor loss : -0.1562, Critic loss : 0.3135
     | Epoch 6/10 - Actor loss : -0.1680, Critic loss : 0.3154
     | Epoch 7/10 - Actor loss : -0.1863, Critic loss : 0.3150
     | Epoch 8/10 - Actor loss : -0.1965, Critic loss : 0.3119
     | Epoch 9/10 - Actor loss : -0.2053, Critic loss : 0.3103
     | Epoch 10/10 - Actor loss : -0.2122, Critic loss : 0.3030
Episode 21/100 finished, total reward  : 0.000, actions taken : {'hold': 2011}
     | Epoch 1/10 - Actor loss : -0.0575, Critic loss : 0.9961
     | Epoch 2/10 - Actor loss : -0.0734, Critic loss : 0.9921
     | Epoch 3/10 - Actor loss : -0.0831, Critic loss : 0.9863
     | Epoch 4/10 - Actor loss : -0.0906, Critic loss : 0.9905
     | Epoch 5/10 - Actor loss : -0.0924, Critic loss : 0.9866
     | Epoch 6/10 - Actor loss : -0.0974, Critic loss : 0.9961
     | Epoch 7/10 - Actor loss : -0.0952, Critic loss : 0.9957
     | Epoch 8/10 - Actor loss : -0.1020, Critic loss : 0.9841
     | Epoch 9/10 - Actor loss : -0.1008, Critic loss : 0.9868
     | Epoch 10/10 - Actor loss : -0.1010, Critic loss : 0.9974
Episode 22/100 finished, total reward  : -1335.990, actions taken : {'hold': 1910, 'buy': 51, 'sell': 50}
     | Epoch 1/10 - Actor loss : -0.0895, Critic loss : 0.9763
     | Epoch 2/10 - Actor loss : -0.0980, Critic loss : 0.9070
     | Epoch 3/10 - Actor loss : -0.1017, Critic loss : 0.9237
     | Epoch 4/10 - Actor loss : -0.1014, Critic loss : 0.8673
     | Epoch 5/10 - Actor loss : -0.1003, Critic loss : 0.8675
     | Epoch 6/10 - Actor loss : -0.1011, Critic loss : 0.7968
     | Epoch 7/10 - Actor loss : -0.0994, Critic loss : 0.7869
     | Epoch 8/10 - Actor loss : -0.1015, Critic loss : 0.8005
     | Epoch 9/10 - Actor loss : -0.1016, Critic loss : 0.7903
     | Epoch 10/10 - Actor loss : -0.1036, Critic loss : 0.7975
Episode 23/100 finished, total reward  : 9.560, actions taken : {'hold': 2010, 'buy': 1}
     | Epoch 1/10 - Actor loss : -0.0923, Critic loss : 0.6865
     | Epoch 2/10 - Actor loss : -0.1500, Critic loss : 0.5819
     | Epoch 3/10 - Actor loss : -0.1554, Critic loss : 0.5781
     | Epoch 4/10 - Actor loss : -0.1637, Critic loss : 0.5748
     | Epoch 5/10 - Actor loss : -0.1630, Critic loss : 0.5746
     | Epoch 6/10 - Actor loss : -0.1632, Critic loss : 0.5595
     | Epoch 7/10 - Actor loss : -0.1663, Critic loss : 0.5392
     | Epoch 8/10 - Actor loss : -0.1664, Critic loss : 0.5112
     | Epoch 9/10 - Actor loss : -0.1683, Critic loss : 0.4922
     | Epoch 10/10 - Actor loss : -0.1692, Critic loss : 0.4788
Episode 24/100 finished, total reward  : 0.000, actions taken : {'hold': 2011}
     | Epoch 1/10 - Actor loss : -0.0726, Critic loss : 0.8615
     | Epoch 2/10 - Actor loss : -0.1665, Critic loss : 0.7179
     | Epoch 3/10 - Actor loss : -0.1868, Critic loss : 0.6982
     | Epoch 4/10 - Actor loss : -0.1929, Critic loss : 0.6820
     | Epoch 5/10 - Actor loss : -0.1913, Critic loss : 0.6540
     | Epoch 6/10 - Actor loss : -0.1919, Critic loss : 0.6312
     | Epoch 7/10 - Actor loss : -0.1950, Critic loss : 0.5940
     | Epoch 8/10 - Actor loss : -0.1961, Critic loss : 0.5290
     | Epoch 9/10 - Actor loss : -0.2004, Critic loss : 0.4703
     | Epoch 10/10 - Actor loss : -0.1977, Critic loss : 0.4288
Episode 25/100 finished, total reward  : 0.000, actions taken : {'hold': 2011}
     | Epoch 1/10 - Actor loss : -0.1230, Critic loss : 0.7303
     | Epoch 2/10 - Actor loss : -0.1660, Critic loss : 0.5086
     | Epoch 3/10 - Actor loss : -0.1765, Critic loss : 0.5047
     | Epoch 4/10 - Actor loss : -0.1912, Critic loss : 0.5088
     | Epoch 5/10 - Actor loss : -0.1969, Critic loss : 0.5050
     | Epoch 6/10 - Actor loss : -0.2007, Critic loss : 0.5050
     | Epoch 7/10 - Actor loss : -0.1990, Critic loss : 0.5045
     | Epoch 8/10 - Actor loss : -0.2054, Critic loss : 0.5064
     | Epoch 9/10 - Actor loss : -0.2046, Critic loss : 0.4987
     | Epoch 10/10 - Actor loss : -0.2031, Critic loss : 0.4800
Episode 26/100 finished, total reward  : 0.000, actions taken : {'hold': 2011}
     | Epoch 1/10 - Actor loss : -0.0624, Critic loss : 0.9823
     | Epoch 2/10 - Actor loss : -0.0884, Critic loss : 0.9798
     | Epoch 3/10 - Actor loss : -0.1062, Critic loss : 0.9776
     | Epoch 4/10 - Actor loss : -0.1115, Critic loss : 0.9736
     | Epoch 5/10 - Actor loss : -0.1186, Critic loss : 0.9797
     | Epoch 6/10 - Actor loss : -0.1168, Critic loss : 0.9774
     | Epoch 7/10 - Actor loss : -0.1234, Critic loss : 0.9911
     | Epoch 8/10 - Actor loss : -0.1166, Critic loss : 0.9871
     | Epoch 9/10 - Actor loss : -0.1212, Critic loss : 0.9759
     | Epoch 10/10 - Actor loss : -0.1189, Critic loss : 0.9739
Episode 27/100 finished, total reward  : 8.230, actions taken : {'hold': 1988, 'buy': 12, 'sell': 11}
     | Epoch 1/10 - Actor loss : -0.1003, Critic loss : 0.9671
     | Epoch 2/10 - Actor loss : -0.1273, Critic loss : 0.9009
     | Epoch 3/10 - Actor loss : -0.1410, Critic loss : 0.8972
     | Epoch 4/10 - Actor loss : -0.1460, Critic loss : 0.8872
     | Epoch 5/10 - Actor loss : -0.1561, Critic loss : 0.8697
     | Epoch 6/10 - Actor loss : -0.1595, Critic loss : 0.8280
     | Epoch 7/10 - Actor loss : -0.1632, Critic loss : 0.7816
     | Epoch 8/10 - Actor loss : -0.1598, Critic loss : 0.6899
     | Epoch 9/10 - Actor loss : -0.1648, Critic loss : 0.5581
     | Epoch 10/10 - Actor loss : -0.1669, Critic loss : 0.4287
Episode 28/100 finished, total reward  : 0.000, actions taken : {'hold': 2011}
     | Epoch 1/10 - Actor loss : -0.0509, Critic loss : 0.6484
     | Epoch 2/10 - Actor loss : -0.1305, Critic loss : 0.3247
     | Epoch 3/10 - Actor loss : -0.1736, Critic loss : 0.2677
     | Epoch 4/10 - Actor loss : -0.1881, Critic loss : 0.2115
     | Epoch 5/10 - Actor loss : -0.1963, Critic loss : 0.1604
     | Epoch 6/10 - Actor loss : -0.1952, Critic loss : 0.1280
     | Epoch 7/10 - Actor loss : -0.1998, Critic loss : 0.0988
     | Epoch 8/10 - Actor loss : -0.1976, Critic loss : 0.0862
     | Epoch 9/10 - Actor loss : -0.1990, Critic loss : 0.0806
     | Epoch 10/10 - Actor loss : -0.2038, Critic loss : 0.0775
Episode 29/100 finished, total reward  : 0.000, actions taken : {'hold': 2011}
     | Epoch 1/10 - Actor loss : -0.0658, Critic loss : 1.0257
     | Epoch 2/10 - Actor loss : -0.0794, Critic loss : 1.0143
     | Epoch 3/10 - Actor loss : -0.0847, Critic loss : 1.0154
     | Epoch 4/10 - Actor loss : -0.0867, Critic loss : 1.0113
     | Epoch 5/10 - Actor loss : -0.0912, Critic loss : 1.0148
     | Epoch 6/10 - Actor loss : -0.0927, Critic loss : 1.0038
     | Epoch 7/10 - Actor loss : -0.0938, Critic loss : 1.0080
     | Epoch 8/10 - Actor loss : -0.0953, Critic loss : 1.0034
     | Epoch 9/10 - Actor loss : -0.0942, Critic loss : 0.9792
     | Epoch 10/10 - Actor loss : -0.0945, Critic loss : 0.9958
Episode 30/100 finished, total reward  : -788.390, actions taken : {'hold': 1993, 'buy': 9, 'sell': 9}
     | Epoch 1/10 - Actor loss : -0.1022, Critic loss : 0.6133
     | Epoch 2/10 - Actor loss : -0.1488, Critic loss : 0.4023
     | Epoch 3/10 - Actor loss : -0.1659, Critic loss : 0.3705
     | Epoch 4/10 - Actor loss : -0.1779, Critic loss : 0.3402
     | Epoch 5/10 - Actor loss : -0.1841, Critic loss : 0.3019
     | Epoch 6/10 - Actor loss : -0.1896, Critic loss : 0.2563
     | Epoch 7/10 - Actor loss : -0.1906, Critic loss : 0.2178
     | Epoch 8/10 - Actor loss : -0.1919, Critic loss : 0.1848
     | Epoch 9/10 - Actor loss : -0.1937, Critic loss : 0.1616
     | Epoch 10/10 - Actor loss : -0.1897, Critic loss : 0.1445
Episode 31/100 finished, total reward  : 0.000, actions taken : {'hold': 2011}
     | Epoch 1/10 - Actor loss : -0.0865, Critic loss : 1.0185
     | Epoch 2/10 - Actor loss : -0.1009, Critic loss : 0.9941
     | Epoch 3/10 - Actor loss : -0.1013, Critic loss : 1.0056
     | Epoch 4/10 - Actor loss : -0.1048, Critic loss : 1.1614
     | Epoch 5/10 - Actor loss : -0.1032, Critic loss : 1.0401
     | Epoch 6/10 - Actor loss : -0.1037, Critic loss : 1.0289
     | Epoch 7/10 - Actor loss : -0.1101, Critic loss : 0.9978
     | Epoch 8/10 - Actor loss : -0.1063, Critic loss : 1.0539
     | Epoch 9/10 - Actor loss : -0.1093, Critic loss : 0.9909
     | Epoch 10/10 - Actor loss : -0.1114, Critic loss : 0.9764
... saving models ...
Reward is 5204.080069541931
Episode 32/100 finished, total reward  : 5204.080, actions taken : {'hold': 1898, 'buy': 57, 'sell': 56}
     | Epoch 1/10 - Actor loss : -0.0873, Critic loss : 1.0081
     | Epoch 2/10 - Actor loss : -0.0927, Critic loss : 1.0067
     | Epoch 3/10 - Actor loss : -0.0978, Critic loss : 0.9739
     | Epoch 4/10 - Actor loss : -0.1044, Critic loss : 0.9767
     | Epoch 5/10 - Actor loss : -0.1032, Critic loss : 0.9710
     | Epoch 6/10 - Actor loss : -0.1040, Critic loss : 0.9625
     | Epoch 7/10 - Actor loss : -0.1041, Critic loss : 0.9636
     | Epoch 8/10 - Actor loss : -0.1022, Critic loss : 0.9581
     | Epoch 9/10 - Actor loss : -0.1037, Critic loss : 0.9724
     | Epoch 10/10 - Actor loss : -0.1066, Critic loss : 0.9576
... saving models ...
Reward is 6815.089953422546
Episode 33/100 finished, total reward  : 6815.090, actions taken : {'hold': 1983, 'buy': 14, 'sell': 14}
     | Epoch 1/10 - Actor loss : -0.1006, Critic loss : 0.8929
     | Epoch 2/10 - Actor loss : -0.1180, Critic loss : 0.8406
     | Epoch 3/10 - Actor loss : -0.1258, Critic loss : 0.8249
     | Epoch 4/10 - Actor loss : -0.1252, Critic loss : 0.8088
     | Epoch 5/10 - Actor loss : -0.1256, Critic loss : 0.7953
     | Epoch 6/10 - Actor loss : -0.1301, Critic loss : 0.7739
     | Epoch 7/10 - Actor loss : -0.1317, Critic loss : 0.7506
     | Epoch 8/10 - Actor loss : -0.1320, Critic loss : 0.7367
     | Epoch 9/10 - Actor loss : -0.1324, Critic loss : 0.7095
     | Epoch 10/10 - Actor loss : -0.1350, Critic loss : 0.6993
Episode 34/100 finished, total reward  : 573.949, actions taken : {'hold': 1991, 'buy': 10, 'sell': 10}
     | Epoch 1/10 - Actor loss : -0.0841, Critic loss : 0.8463
     | Epoch 2/10 - Actor loss : -0.1565, Critic loss : 0.4158
     | Epoch 3/10 - Actor loss : -0.1676, Critic loss : 0.2184
     | Epoch 4/10 - Actor loss : -0.1725, Critic loss : 0.1714
     | Epoch 5/10 - Actor loss : -0.1868, Critic loss : 0.1507
     | Epoch 6/10 - Actor loss : -0.1928, Critic loss : 0.1442
     | Epoch 7/10 - Actor loss : -0.1981, Critic loss : 0.1305
     | Epoch 8/10 - Actor loss : -0.2016, Critic loss : 0.1268
     | Epoch 9/10 - Actor loss : -0.2032, Critic loss : 0.1205
     | Epoch 10/10 - Actor loss : -0.2060, Critic loss : 0.1186
Episode 35/100 finished, total reward  : 0.000, actions taken : {'hold': 2011}
     | Epoch 1/10 - Actor loss : -0.0638, Critic loss : 1.0069
     | Epoch 2/10 - Actor loss : -0.0794, Critic loss : 1.0174
     | Epoch 3/10 - Actor loss : -0.0781, Critic loss : 1.0519
     | Epoch 4/10 - Actor loss : -0.0815, Critic loss : 1.0422
     | Epoch 5/10 - Actor loss : -0.0797, Critic loss : 1.0080
     | Epoch 6/10 - Actor loss : -0.0835, Critic loss : 1.0011
     | Epoch 7/10 - Actor loss : -0.0855, Critic loss : 1.0047
     | Epoch 8/10 - Actor loss : -0.0823, Critic loss : 1.0083
     | Epoch 9/10 - Actor loss : -0.0770, Critic loss : 1.0035
     | Epoch 10/10 - Actor loss : -0.0883, Critic loss : 1.0102
Episode 36/100 finished, total reward  : -2105.340, actions taken : {'hold': 1879, 'buy': 66, 'sell': 66}
     | Epoch 1/10 - Actor loss : -0.0795, Critic loss : 0.9974
     | Epoch 2/10 - Actor loss : -0.0884, Critic loss : 1.0248
     | Epoch 3/10 - Actor loss : -0.0901, Critic loss : 0.9906
     | Epoch 4/10 - Actor loss : -0.0901, Critic loss : 0.9909
     | Epoch 5/10 - Actor loss : -0.0934, Critic loss : 0.9768
     | Epoch 6/10 - Actor loss : -0.0890, Critic loss : 0.9704
     | Epoch 7/10 - Actor loss : -0.0918, Critic loss : 0.9685
     | Epoch 8/10 - Actor loss : -0.0911, Critic loss : 0.9672
     | Epoch 9/10 - Actor loss : -0.0918, Critic loss : 0.9607
     | Epoch 10/10 - Actor loss : -0.0967, Critic loss : 0.9470
Episode 37/100 finished, total reward  : -295.900, actions taken : {'hold': 2004, 'buy': 4, 'sell': 3}
     | Epoch 1/10 - Actor loss : -0.0823, Critic loss : 0.9447
     | Epoch 2/10 - Actor loss : -0.0917, Critic loss : 0.8782
     | Epoch 3/10 - Actor loss : -0.0946, Critic loss : 0.8197
     | Epoch 4/10 - Actor loss : -0.0943, Critic loss : 0.8067
     | Epoch 5/10 - Actor loss : -0.0964, Critic loss : 0.7956
     | Epoch 6/10 - Actor loss : -0.0961, Critic loss : 0.7936
     | Epoch 7/10 - Actor loss : -0.0976, Critic loss : 0.8013
     | Epoch 8/10 - Actor loss : -0.0973, Critic loss : 0.7885
     | Epoch 9/10 - Actor loss : -0.1017, Critic loss : 0.8414
     | Epoch 10/10 - Actor loss : -0.0980, Critic loss : 0.8216
Episode 38/100 finished, total reward  : 9.560, actions taken : {'hold': 2010, 'buy': 1}
     | Epoch 1/10 - Actor loss : -0.1099, Critic loss : 0.6122
     | Epoch 2/10 - Actor loss : -0.1511, Critic loss : 0.4487
     | Epoch 3/10 - Actor loss : -0.1649, Critic loss : 0.4415
     | Epoch 4/10 - Actor loss : -0.1745, Critic loss : 0.4228
     | Epoch 5/10 - Actor loss : -0.1815, Critic loss : 0.3855
     | Epoch 6/10 - Actor loss : -0.1885, Critic loss : 0.3444
     | Epoch 7/10 - Actor loss : -0.1911, Critic loss : 0.3023
     | Epoch 8/10 - Actor loss : -0.1953, Critic loss : 0.2765
     | Epoch 9/10 - Actor loss : -0.1953, Critic loss : 0.2336
     | Epoch 10/10 - Actor loss : -0.1979, Critic loss : 0.2128
Episode 39/100 finished, total reward  : 0.000, actions taken : {'hold': 2011}
     | Epoch 1/10 - Actor loss : -0.0852, Critic loss : 0.9475
     | Epoch 2/10 - Actor loss : -0.1010, Critic loss : 0.9166
     | Epoch 3/10 - Actor loss : -0.1094, Critic loss : 0.8919
     | Epoch 4/10 - Actor loss : -0.1130, Critic loss : 0.8794
     | Epoch 5/10 - Actor loss : -0.1112, Critic loss : 0.8883
     | Epoch 6/10 - Actor loss : -0.1118, Critic loss : 0.8682
     | Epoch 7/10 - Actor loss : -0.1168, Critic loss : 0.8810
     | Epoch 8/10 - Actor loss : -0.1151, Critic loss : 0.8659
     | Epoch 9/10 - Actor loss : -0.1175, Critic loss : 0.8783
     | Epoch 10/10 - Actor loss : -0.1170, Critic loss : 0.8534
... saving models ...
Episode 40/100 finished, total reward  : 4114.660, actions taken : {'hold': 1863, 'buy': 74, 'sell': 74}
     | Epoch 1/10 - Actor loss : -0.0670, Critic loss : 1.0258
     | Epoch 2/10 - Actor loss : -0.0773, Critic loss : 1.0410
     | Epoch 3/10 - Actor loss : -0.0841, Critic loss : 1.0077
     | Epoch 4/10 - Actor loss : -0.0853, Critic loss : 0.9991
     | Epoch 5/10 - Actor loss : -0.0874, Critic loss : 1.0050
     | Epoch 6/10 - Actor loss : -0.0889, Critic loss : 0.9955
     | Epoch 7/10 - Actor loss : -0.0873, Critic loss : 0.9928
     | Epoch 8/10 - Actor loss : -0.0954, Critic loss : 1.0149
     | Epoch 9/10 - Actor loss : -0.0836, Critic loss : 0.9994
     | Epoch 10/10 - Actor loss : -0.0865, Critic loss : 1.0133
... saving models ...
Reward is 9058.010084152222
Episode 41/100 finished, total reward  : 9058.010, actions taken : {'hold': 1999, 'buy': 6, 'sell': 6}
     | Epoch 1/10 - Actor loss : -0.0846, Critic loss : 0.7238
     | Epoch 2/10 - Actor loss : -0.1351, Critic loss : 0.2979
     | Epoch 3/10 - Actor loss : -0.1480, Critic loss : 0.2356
     | Epoch 4/10 - Actor loss : -0.1564, Critic loss : 0.2030
     | Epoch 5/10 - Actor loss : -0.1585, Critic loss : 0.1744
     | Epoch 6/10 - Actor loss : -0.1598, Critic loss : 0.1551
     | Epoch 7/10 - Actor loss : -0.1639, Critic loss : 0.1359
     | Epoch 8/10 - Actor loss : -0.1686, Critic loss : 0.1275
     | Epoch 9/10 - Actor loss : -0.1735, Critic loss : 0.1153
     | Epoch 10/10 - Actor loss : -0.1781, Critic loss : 0.1103
Episode 42/100 finished, total reward  : 0.000, actions taken : {'hold': 2011}
     | Epoch 1/10 - Actor loss : -0.1046, Critic loss : 0.5201
     | Epoch 2/10 - Actor loss : -0.1600, Critic loss : 0.1706
     | Epoch 3/10 - Actor loss : -0.1719, Critic loss : 0.1299
     | Epoch 4/10 - Actor loss : -0.1702, Critic loss : 0.1131
     | Epoch 5/10 - Actor loss : -0.1803, Critic loss : 0.0970
     | Epoch 6/10 - Actor loss : -0.1869, Critic loss : 0.0862
     | Epoch 7/10 - Actor loss : -0.1932, Critic loss : 0.0773
     | Epoch 8/10 - Actor loss : -0.1997, Critic loss : 0.0659
     | Epoch 9/10 - Actor loss : -0.2014, Critic loss : 0.0533
     | Epoch 10/10 - Actor loss : -0.2036, Critic loss : 0.0443
Episode 43/100 finished, total reward  : 0.000, actions taken : {'hold': 2011}
     | Epoch 1/10 - Actor loss : -0.0671, Critic loss : 0.9755
     | Epoch 2/10 - Actor loss : -0.0792, Critic loss : 0.9731
     | Epoch 3/10 - Actor loss : -0.0879, Critic loss : 0.9428
     | Epoch 4/10 - Actor loss : -0.0935, Critic loss : 0.9247
     | Epoch 5/10 - Actor loss : -0.0979, Critic loss : 0.9102
     | Epoch 6/10 - Actor loss : -0.0985, Critic loss : 0.9027
     | Epoch 7/10 - Actor loss : -0.1008, Critic loss : 0.9064
     | Epoch 8/10 - Actor loss : -0.1020, Critic loss : 0.8891
     | Epoch 9/10 - Actor loss : -0.1066, Critic loss : 0.8914
     | Epoch 10/10 - Actor loss : -0.1089, Critic loss : 0.8929
Episode 44/100 finished, total reward  : 4288.040, actions taken : {'hold': 1893, 'buy': 59, 'sell': 59}
     | Epoch 1/10 - Actor loss : -0.0934, Critic loss : 1.0131
     | Epoch 2/10 - Actor loss : -0.1024, Critic loss : 0.9832
     | Epoch 3/10 - Actor loss : -0.1041, Critic loss : 0.9822
     | Epoch 4/10 - Actor loss : -0.1039, Critic loss : 0.9543
     | Epoch 5/10 - Actor loss : -0.1040, Critic loss : 0.9460
     | Epoch 6/10 - Actor loss : -0.1035, Critic loss : 0.9474
     | Epoch 7/10 - Actor loss : -0.1102, Critic loss : 0.9357
     | Epoch 8/10 - Actor loss : -0.1101, Critic loss : 0.9559
     | Epoch 9/10 - Actor loss : -0.1099, Critic loss : 0.9492
     | Epoch 10/10 - Actor loss : -0.1101, Critic loss : 0.9194
Episode 45/100 finished, total reward  : 4172.110, actions taken : {'hold': 1935, 'buy': 38, 'sell': 38}
     | Epoch 1/10 - Actor loss : -0.0881, Critic loss : 0.9959
     | Epoch 2/10 - Actor loss : -0.0941, Critic loss : 0.9782
     | Epoch 3/10 - Actor loss : -0.0967, Critic loss : 0.9740
     | Epoch 4/10 - Actor loss : -0.0947, Critic loss : 0.9550
     | Epoch 5/10 - Actor loss : -0.0973, Critic loss : 0.9902
     | Epoch 6/10 - Actor loss : -0.0966, Critic loss : 0.9735
     | Epoch 7/10 - Actor loss : -0.0981, Critic loss : 0.9734
     | Epoch 8/10 - Actor loss : -0.0973, Critic loss : 0.9567
     | Epoch 9/10 - Actor loss : -0.1013, Critic loss : 0.9372
     | Epoch 10/10 - Actor loss : -0.1001, Critic loss : 0.9362
Episode 46/100 finished, total reward  : 8983.200, actions taken : {'hold': 1985, 'buy': 13, 'sell': 13}
     | Epoch 1/10 - Actor loss : -0.0919, Critic loss : 0.9770
     | Epoch 2/10 - Actor loss : -0.0977, Critic loss : 0.9380
     | Epoch 3/10 - Actor loss : -0.1006, Critic loss : 0.9293
     | Epoch 4/10 - Actor loss : -0.0992, Critic loss : 0.9910
     | Epoch 5/10 - Actor loss : -0.1050, Critic loss : 0.9642
     | Epoch 6/10 - Actor loss : -0.1080, Critic loss : 0.9315
     | Epoch 7/10 - Actor loss : -0.1161, Critic loss : 0.9312
     | Epoch 8/10 - Actor loss : -0.1111, Critic loss : 0.9124
     | Epoch 9/10 - Actor loss : -0.1136, Critic loss : 0.9109
     | Epoch 10/10 - Actor loss : -0.1149, Critic loss : 0.9080
Episode 47/100 finished, total reward  : 6649.339, actions taken : {'hold': 2003, 'buy': 4, 'sell': 4}
     | Epoch 1/10 - Actor loss : -0.0957, Critic loss : 0.7869
     | Epoch 2/10 - Actor loss : -0.1095, Critic loss : 0.7112
     | Epoch 3/10 - Actor loss : -0.1080, Critic loss : 0.7167
     | Epoch 4/10 - Actor loss : -0.1085, Critic loss : 0.7156
     | Epoch 5/10 - Actor loss : -0.1165, Critic loss : 0.6897
     | Epoch 6/10 - Actor loss : -0.1145, Critic loss : 0.6888
     | Epoch 7/10 - Actor loss : -0.1158, Critic loss : 0.6768
     | Epoch 8/10 - Actor loss : -0.1193, Critic loss : 0.6788
     | Epoch 9/10 - Actor loss : -0.1185, Critic loss : 0.6589
     | Epoch 10/10 - Actor loss : -0.1160, Critic loss : 0.6644
Episode 48/100 finished, total reward  : 3942.089, actions taken : {'hold': 2003, 'buy': 4, 'sell': 4}
     | Epoch 1/10 - Actor loss : -0.0892, Critic loss : 0.9047
     | Epoch 2/10 - Actor loss : -0.0963, Critic loss : 0.8221
     | Epoch 3/10 - Actor loss : -0.0957, Critic loss : 0.7636
     | Epoch 4/10 - Actor loss : -0.1001, Critic loss : 0.7732
     | Epoch 5/10 - Actor loss : -0.1016, Critic loss : 0.7470
     | Epoch 6/10 - Actor loss : -0.1008, Critic loss : 0.7569
     | Epoch 7/10 - Actor loss : -0.0990, Critic loss : 0.7466
     | Epoch 8/10 - Actor loss : -0.0988, Critic loss : 0.7414
     | Epoch 9/10 - Actor loss : -0.1003, Critic loss : 0.7580
     | Epoch 10/10 - Actor loss : -0.0987, Critic loss : 0.7539
... saving models ...
Reward is 24669.05028152466
Episode 49/100 finished, total reward  : 24669.050, actions taken : {'hold': 2009, 'buy': 1, 'sell': 1}
     | Epoch 1/10 - Actor loss : -0.1108, Critic loss : 0.8762
     | Epoch 2/10 - Actor loss : -0.1128, Critic loss : 0.7428
     | Epoch 3/10 - Actor loss : -0.1088, Critic loss : 0.7021
     | Epoch 4/10 - Actor loss : -0.1110, Critic loss : 0.7604
     | Epoch 5/10 - Actor loss : -0.1140, Critic loss : 0.6840
     | Epoch 6/10 - Actor loss : -0.1125, Critic loss : 0.6701
     | Epoch 7/10 - Actor loss : -0.1154, Critic loss : 0.6779
     | Epoch 8/10 - Actor loss : -0.1131, Critic loss : 0.7409
     | Epoch 9/10 - Actor loss : -0.1156, Critic loss : 0.6756
     | Epoch 10/10 - Actor loss : -0.1135, Critic loss : 0.6701
Episode 50/100 finished, total reward  : 7423.249, actions taken : {'hold': 2009, 'buy': 1, 'sell': 1}
     | Epoch 1/10 - Actor loss : -0.1103, Critic loss : 0.8006
     | Epoch 2/10 - Actor loss : -0.1110, Critic loss : 0.7097
     | Epoch 3/10 - Actor loss : -0.1146, Critic loss : 0.6747
     | Epoch 4/10 - Actor loss : -0.1151, Critic loss : 0.6652
     | Epoch 5/10 - Actor loss : -0.1164, Critic loss : 0.6736
     | Epoch 6/10 - Actor loss : -0.1133, Critic loss : 0.6796
     | Epoch 7/10 - Actor loss : -0.1163, Critic loss : 0.7028
     | Epoch 8/10 - Actor loss : -0.1135, Critic loss : 0.6849
     | Epoch 9/10 - Actor loss : -0.1146, Critic loss : 0.7061
     | Epoch 10/10 - Actor loss : -0.1149, Critic loss : 0.6780
Episode 51/100 finished, total reward  : 7423.249, actions taken : {'hold': 2009, 'buy': 1, 'sell': 1}
     | Epoch 1/10 - Actor loss : -0.1113, Critic loss : 0.7897
     | Epoch 2/10 - Actor loss : -0.1132, Critic loss : 0.7170
     | Epoch 3/10 - Actor loss : -0.1111, Critic loss : 0.6869
     | Epoch 4/10 - Actor loss : -0.1122, Critic loss : 0.7052
     | Epoch 5/10 - Actor loss : -0.1151, Critic loss : 0.6828
     | Epoch 6/10 - Actor loss : -0.1137, Critic loss : 0.6647
     | Epoch 7/10 - Actor loss : -0.1048, Critic loss : 0.6700
     | Epoch 8/10 - Actor loss : -0.1112, Critic loss : 0.6626
     | Epoch 9/10 - Actor loss : -0.1126, Critic loss : 0.7018
     | Epoch 10/10 - Actor loss : -0.1132, Critic loss : 0.6748
Episode 52/100 finished, total reward  : 7423.249, actions taken : {'hold': 2009, 'buy': 1, 'sell': 1}
     | Epoch 1/10 - Actor loss : -0.0451, Critic loss : 0.9277
     | Epoch 2/10 - Actor loss : -0.0616, Critic loss : 0.8266
     | Epoch 3/10 - Actor loss : -0.0868, Critic loss : 0.8204
     | Epoch 4/10 - Actor loss : -0.1067, Critic loss : 0.8244
     | Epoch 5/10 - Actor loss : -0.1066, Critic loss : 0.7952
     | Epoch 6/10 - Actor loss : -0.1112, Critic loss : 0.8495
     | Epoch 7/10 - Actor loss : -0.1105, Critic loss : 0.7915
     | Epoch 8/10 - Actor loss : -0.1090, Critic loss : 0.7862
     | Epoch 9/10 - Actor loss : -0.1118, Critic loss : 0.7716
     | Epoch 10/10 - Actor loss : -0.1135, Critic loss : 0.7720
Episode 53/100 finished, total reward  : -12.740, actions taken : {'hold': 2010, 'buy': 1}
     | Epoch 1/10 - Actor loss : -0.0841, Critic loss : 0.9276
     | Epoch 2/10 - Actor loss : -0.0838, Critic loss : 0.8798
     | Epoch 3/10 - Actor loss : -0.0862, Critic loss : 0.8564
     | Epoch 4/10 - Actor loss : -0.0891, Critic loss : 0.8455
     | Epoch 5/10 - Actor loss : -0.0859, Critic loss : 0.8405
     | Epoch 6/10 - Actor loss : -0.0817, Critic loss : 0.8522
     | Epoch 7/10 - Actor loss : -0.0848, Critic loss : 0.8507
     | Epoch 8/10 - Actor loss : -0.0865, Critic loss : 0.8508
     | Epoch 9/10 - Actor loss : -0.0887, Critic loss : 0.8366
     | Epoch 10/10 - Actor loss : -0.0875, Critic loss : 0.8233
Episode 54/100 finished, total reward  : -12.740, actions taken : {'hold': 2010, 'buy': 1}
     | Epoch 1/10 - Actor loss : -0.0844, Critic loss : 0.9392
     | Epoch 2/10 - Actor loss : -0.0868, Critic loss : 0.8929
     | Epoch 3/10 - Actor loss : -0.0852, Critic loss : 0.8521
     | Epoch 4/10 - Actor loss : -0.0880, Critic loss : 0.8478
     | Epoch 5/10 - Actor loss : -0.0848, Critic loss : 0.8671
     | Epoch 6/10 - Actor loss : -0.0860, Critic loss : 0.8571
     | Epoch 7/10 - Actor loss : -0.0879, Critic loss : 0.8396
     | Epoch 8/10 - Actor loss : -0.0895, Critic loss : 0.8268
     | Epoch 9/10 - Actor loss : -0.0886, Critic loss : 0.8212
     | Epoch 10/10 - Actor loss : -0.0895, Critic loss : 0.8164
Episode 55/100 finished, total reward  : -12.740, actions taken : {'hold': 2010, 'buy': 1}
     | Epoch 1/10 - Actor loss : -0.0837, Critic loss : 0.9542
     | Epoch 2/10 - Actor loss : -0.0894, Critic loss : 0.9189
     | Epoch 3/10 - Actor loss : -0.0875, Critic loss : 0.8777
     | Epoch 4/10 - Actor loss : -0.0874, Critic loss : 0.8694
     | Epoch 5/10 - Actor loss : -0.0876, Critic loss : 0.8817
     | Epoch 6/10 - Actor loss : -0.0893, Critic loss : 0.8732
     | Epoch 7/10 - Actor loss : -0.0885, Critic loss : 0.8938
     | Epoch 8/10 - Actor loss : -0.0881, Critic loss : 0.8727
     | Epoch 9/10 - Actor loss : -0.0886, Critic loss : 0.8474
     | Epoch 10/10 - Actor loss : -0.0896, Critic loss : 0.8545
Episode 56/100 finished, total reward  : -12.740, actions taken : {'hold': 2010, 'buy': 1}
     | Epoch 1/10 - Actor loss : -0.0892, Critic loss : 0.9669
     | Epoch 2/10 - Actor loss : -0.0892, Critic loss : 0.9032
     | Epoch 3/10 - Actor loss : -0.0915, Critic loss : 0.9024
     | Epoch 4/10 - Actor loss : -0.0895, Critic loss : 0.9108
     | Epoch 5/10 - Actor loss : -0.0896, Critic loss : 0.9427
     | Epoch 6/10 - Actor loss : -0.0894, Critic loss : 0.8826
     | Epoch 7/10 - Actor loss : -0.0913, Critic loss : 0.8867
     | Epoch 8/10 - Actor loss : -0.0893, Critic loss : 0.8722
     | Epoch 9/10 - Actor loss : -0.0886, Critic loss : 0.8774
     | Epoch 10/10 - Actor loss : -0.0896, Critic loss : 0.8714
Episode 57/100 finished, total reward  : -12.740, actions taken : {'hold': 2010, 'buy': 1}
     | Epoch 1/10 - Actor loss : -0.1326, Critic loss : 0.6422
     | Epoch 2/10 - Actor loss : -0.1418, Critic loss : 0.5223
     | Epoch 3/10 - Actor loss : -0.1388, Critic loss : 0.4810
     | Epoch 4/10 - Actor loss : -0.1458, Critic loss : 0.4740
     | Epoch 5/10 - Actor loss : -0.1492, Critic loss : 0.4764
     | Epoch 6/10 - Actor loss : -0.1478, Critic loss : 0.4646
     | Epoch 7/10 - Actor loss : -0.1516, Critic loss : 0.4725
     | Epoch 8/10 - Actor loss : -0.1509, Critic loss : 0.4770
     | Epoch 9/10 - Actor loss : -0.1492, Critic loss : 0.4772
     | Epoch 10/10 - Actor loss : -0.1523, Critic loss : 0.4805
Episode 58/100 finished, total reward  : -2432.401, actions taken : {'hold': 2009, 'buy': 1, 'sell': 1}
     | Epoch 1/10 - Actor loss : -0.0787, Critic loss : 0.6265
     | Epoch 2/10 - Actor loss : -0.1169, Critic loss : 0.3561
     | Epoch 3/10 - Actor loss : -0.1271, Critic loss : 0.3208
     | Epoch 4/10 - Actor loss : -0.1332, Critic loss : 0.3016
     | Epoch 5/10 - Actor loss : -0.1386, Critic loss : 0.3000
     | Epoch 6/10 - Actor loss : -0.1415, Critic loss : 0.3015
     | Epoch 7/10 - Actor loss : -0.1440, Critic loss : 0.2876
     | Epoch 8/10 - Actor loss : -0.1429, Critic loss : 0.2850
     | Epoch 9/10 - Actor loss : -0.1458, Critic loss : 0.2818
     | Epoch 10/10 - Actor loss : -0.1460, Critic loss : 0.2786
Episode 59/100 finished, total reward  : 0.000, actions taken : {'hold': 2011}
     | Epoch 1/10 - Actor loss : -0.0841, Critic loss : 0.9420
     | Epoch 2/10 - Actor loss : -0.1089, Critic loss : 0.9053
     | Epoch 3/10 - Actor loss : -0.1162, Critic loss : 0.8964
     | Epoch 4/10 - Actor loss : -0.1111, Critic loss : 0.8978
     | Epoch 5/10 - Actor loss : -0.1157, Critic loss : 0.8733
     | Epoch 6/10 - Actor loss : -0.1169, Critic loss : 0.8694
     | Epoch 7/10 - Actor loss : -0.1147, Critic loss : 0.8198
     | Epoch 8/10 - Actor loss : -0.1176, Critic loss : 0.7500
     | Epoch 9/10 - Actor loss : -0.1154, Critic loss : 0.7418
     | Epoch 10/10 - Actor loss : -0.1181, Critic loss : 0.7422
... saving models ...
Episode 60/100 finished, total reward  : 9.910, actions taken : {'hold': 2010, 'buy': 1}
     | Epoch 1/10 - Actor loss : -0.1058, Critic loss : 0.7702
     | Epoch 2/10 - Actor loss : -0.1358, Critic loss : 0.5183
     | Epoch 3/10 - Actor loss : -0.1452, Critic loss : 0.5082
     | Epoch 4/10 - Actor loss : -0.1507, Critic loss : 0.4900
     | Epoch 5/10 - Actor loss : -0.1514, Critic loss : 0.4765
     | Epoch 6/10 - Actor loss : -0.1540, Critic loss : 0.4720
     | Epoch 7/10 - Actor loss : -0.1521, Critic loss : 0.4683
     | Epoch 8/10 - Actor loss : -0.1542, Critic loss : 0.4705
     | Epoch 9/10 - Actor loss : -0.1556, Critic loss : 0.4611
     | Epoch 10/10 - Actor loss : -0.1565, Critic loss : 0.4558
Episode 61/100 finished, total reward  : 0.000, actions taken : {'hold': 2011}
     | Epoch 1/10 - Actor loss : -0.0781, Critic loss : 0.9982
     | Epoch 2/10 - Actor loss : -0.0824, Critic loss : 0.9764
     | Epoch 3/10 - Actor loss : -0.0906, Critic loss : 0.9751
     | Epoch 4/10 - Actor loss : -0.0935, Critic loss : 0.9728
     | Epoch 5/10 - Actor loss : -0.0953, Critic loss : 0.9692
     | Epoch 6/10 - Actor loss : -0.0968, Critic loss : 0.9576
     | Epoch 7/10 - Actor loss : -0.1022, Critic loss : 0.9594
     | Epoch 8/10 - Actor loss : -0.0979, Critic loss : 0.9624
     | Epoch 9/10 - Actor loss : -0.1018, Critic loss : 0.9569
     | Epoch 10/10 - Actor loss : -0.0983, Critic loss : 0.9624
Episode 62/100 finished, total reward  : -1528.350, actions taken : {'hold': 1996, 'buy': 8, 'sell': 7}
     | Epoch 1/10 - Actor loss : -0.0716, Critic loss : 0.8635
     | Epoch 2/10 - Actor loss : -0.0916, Critic loss : 0.6698
     | Epoch 3/10 - Actor loss : -0.1131, Critic loss : 0.6396
     | Epoch 4/10 - Actor loss : -0.1161, Critic loss : 0.6135
     | Epoch 5/10 - Actor loss : -0.1150, Critic loss : 0.6129
     | Epoch 6/10 - Actor loss : -0.1161, Critic loss : 0.5866
     | Epoch 7/10 - Actor loss : -0.1169, Critic loss : 0.5643
     | Epoch 8/10 - Actor loss : -0.1167, Critic loss : 0.5397
     | Epoch 9/10 - Actor loss : -0.1195, Critic loss : 0.5246
     | Epoch 10/10 - Actor loss : -0.1203, Critic loss : 0.4987
Episode 63/100 finished, total reward  : 0.000, actions taken : {'hold': 2011}
     | Epoch 1/10 - Actor loss : -0.0794, Critic loss : 0.8038
     | Epoch 2/10 - Actor loss : -0.1065, Critic loss : 0.6519
     | Epoch 3/10 - Actor loss : -0.1207, Critic loss : 0.5958
     | Epoch 4/10 - Actor loss : -0.1321, Critic loss : 0.5868
     | Epoch 5/10 - Actor loss : -0.1359, Critic loss : 0.5786
     | Epoch 6/10 - Actor loss : -0.1419, Critic loss : 0.5677
     | Epoch 7/10 - Actor loss : -0.1486, Critic loss : 0.5592
     | Epoch 8/10 - Actor loss : -0.1502, Critic loss : 0.5551
     | Epoch 9/10 - Actor loss : -0.1552, Critic loss : 0.5430
     | Epoch 10/10 - Actor loss : -0.1531, Critic loss : 0.5005
Episode 64/100 finished, total reward  : 0.000, actions taken : {'hold': 2011}
     | Epoch 1/10 - Actor loss : -0.1087, Critic loss : 0.8033
     | Epoch 2/10 - Actor loss : -0.1608, Critic loss : 0.7178
     | Epoch 3/10 - Actor loss : -0.1718, Critic loss : 0.7107
     | Epoch 4/10 - Actor loss : -0.1802, Critic loss : 0.7117
     | Epoch 5/10 - Actor loss : -0.1819, Critic loss : 0.6822
     | Epoch 6/10 - Actor loss : -0.1865, Critic loss : 0.6400
     | Epoch 7/10 - Actor loss : -0.1919, Critic loss : 0.6056
     | Epoch 8/10 - Actor loss : -0.1883, Critic loss : 0.5453
     | Epoch 9/10 - Actor loss : -0.1883, Critic loss : 0.4710
     | Epoch 10/10 - Actor loss : -0.1895, Critic loss : 0.4373
Episode 65/100 finished, total reward  : 0.000, actions taken : {'hold': 2011}
     | Epoch 1/10 - Actor loss : -0.0718, Critic loss : 1.0214
     | Epoch 2/10 - Actor loss : -0.0864, Critic loss : 0.9809
     | Epoch 3/10 - Actor loss : -0.0952, Critic loss : 0.9589
     | Epoch 4/10 - Actor loss : -0.0969, Critic loss : 0.9547
     | Epoch 5/10 - Actor loss : -0.0967, Critic loss : 0.9421
     | Epoch 6/10 - Actor loss : -0.1005, Critic loss : 0.9538
     | Epoch 7/10 - Actor loss : -0.1013, Critic loss : 0.9509
     | Epoch 8/10 - Actor loss : -0.1047, Critic loss : 0.9452
     | Epoch 9/10 - Actor loss : -0.1012, Critic loss : 0.9501
     | Epoch 10/10 - Actor loss : -0.1003, Critic loss : 0.9561
Episode 66/100 finished, total reward  : 1219.100, actions taken : {'hold': 2000, 'buy': 6, 'sell': 5}
     | Epoch 1/10 - Actor loss : -0.1143, Critic loss : 0.8162
     | Epoch 2/10 - Actor loss : -0.1810, Critic loss : 0.6014
     | Epoch 3/10 - Actor loss : -0.1930, Critic loss : 0.4506
     | Epoch 4/10 - Actor loss : -0.2054, Critic loss : 0.4394
     | Epoch 5/10 - Actor loss : -0.2083, Critic loss : 0.4349
     | Epoch 6/10 - Actor loss : -0.2127, Critic loss : 0.4317
     | Epoch 7/10 - Actor loss : -0.2100, Critic loss : 0.4308
     | Epoch 8/10 - Actor loss : -0.2147, Critic loss : 0.4343
     | Epoch 9/10 - Actor loss : -0.2182, Critic loss : 0.4344
     | Epoch 10/10 - Actor loss : -0.2158, Critic loss : 0.4311
Episode 67/100 finished, total reward  : 0.000, actions taken : {'hold': 2011}
     | Epoch 1/10 - Actor loss : -0.0949, Critic loss : 1.0010
     | Epoch 2/10 - Actor loss : -0.1086, Critic loss : 0.9939
     | Epoch 3/10 - Actor loss : -0.1148, Critic loss : 0.9871
     | Epoch 4/10 - Actor loss : -0.1069, Critic loss : 0.9622
     | Epoch 5/10 - Actor loss : -0.1134, Critic loss : 0.8913
     | Epoch 6/10 - Actor loss : -0.1188, Critic loss : 0.8872
     | Epoch 7/10 - Actor loss : -0.1214, Critic loss : 0.8730
     | Epoch 8/10 - Actor loss : -0.1215, Critic loss : 0.8795
     | Epoch 9/10 - Actor loss : -0.1219, Critic loss : 0.8902
     | Epoch 10/10 - Actor loss : -0.1261, Critic loss : 0.8752
Episode 68/100 finished, total reward  : -1012.860, actions taken : {'hold': 1894, 'buy': 59, 'sell': 58}
     | Epoch 1/10 - Actor loss : -0.1315, Critic loss : 0.7522
     | Epoch 2/10 - Actor loss : -0.1663, Critic loss : 0.6492
     | Epoch 3/10 - Actor loss : -0.1704, Critic loss : 0.6480
     | Epoch 4/10 - Actor loss : -0.1683, Critic loss : 0.6458
     | Epoch 5/10 - Actor loss : -0.1754, Critic loss : 0.6426
     | Epoch 6/10 - Actor loss : -0.1730, Critic loss : 0.6383
     | Epoch 7/10 - Actor loss : -0.1730, Critic loss : 0.6290
     | Epoch 8/10 - Actor loss : -0.1739, Critic loss : 0.6157
     | Epoch 9/10 - Actor loss : -0.1759, Critic loss : 0.5665
     | Epoch 10/10 - Actor loss : -0.1762, Critic loss : 0.5224
Episode 69/100 finished, total reward  : 0.000, actions taken : {'hold': 2011}
     | Epoch 1/10 - Actor loss : -0.0636, Critic loss : 0.9852
     | Epoch 2/10 - Actor loss : -0.0882, Critic loss : 0.9542
     | Epoch 3/10 - Actor loss : -0.1043, Critic loss : 0.9396
     | Epoch 4/10 - Actor loss : -0.1065, Critic loss : 0.9327
     | Epoch 5/10 - Actor loss : -0.1086, Critic loss : 0.9379
     | Epoch 6/10 - Actor loss : -0.1068, Critic loss : 0.9323
     | Epoch 7/10 - Actor loss : -0.1112, Critic loss : 0.9308
     | Epoch 8/10 - Actor loss : -0.1127, Critic loss : 0.9396
     | Epoch 9/10 - Actor loss : -0.1161, Critic loss : 0.9302
     | Epoch 10/10 - Actor loss : -0.1119, Critic loss : 0.9211
Episode 70/100 finished, total reward  : -102.180, actions taken : {'hold': 1998, 'buy': 7, 'sell': 6}
     | Epoch 1/10 - Actor loss : -0.1226, Critic loss : 0.9024
     | Epoch 2/10 - Actor loss : -0.1618, Critic loss : 0.8245
     | Epoch 3/10 - Actor loss : -0.1602, Critic loss : 0.7241
     | Epoch 4/10 - Actor loss : -0.1661, Critic loss : 0.6342
     | Epoch 5/10 - Actor loss : -0.1646, Critic loss : 0.6282
     | Epoch 6/10 - Actor loss : -0.1700, Critic loss : 0.6234
     | Epoch 7/10 - Actor loss : -0.1688, Critic loss : 0.6094
     | Epoch 8/10 - Actor loss : -0.1717, Critic loss : 0.5869
     | Epoch 9/10 - Actor loss : -0.1736, Critic loss : 0.5701
     | Epoch 10/10 - Actor loss : -0.1720, Critic loss : 0.5587
Episode 71/100 finished, total reward  : 0.000, actions taken : {'hold': 2011}
     | Epoch 1/10 - Actor loss : -0.1084, Critic loss : 0.7070
     | Epoch 2/10 - Actor loss : -0.1553, Critic loss : 0.5497
     | Epoch 3/10 - Actor loss : -0.1521, Critic loss : 0.5498
     | Epoch 4/10 - Actor loss : -0.1552, Critic loss : 0.5433
     | Epoch 5/10 - Actor loss : -0.1566, Critic loss : 0.5379
     | Epoch 6/10 - Actor loss : -0.1575, Critic loss : 0.5473
     | Epoch 7/10 - Actor loss : -0.1601, Critic loss : 0.5456
     | Epoch 8/10 - Actor loss : -0.1597, Critic loss : 0.5384
     | Epoch 9/10 - Actor loss : -0.1645, Critic loss : 0.5399
     | Epoch 10/10 - Actor loss : -0.1645, Critic loss : 0.5354
Episode 72/100 finished, total reward  : 0.000, actions taken : {'hold': 2011}
     | Epoch 1/10 - Actor loss : -0.0841, Critic loss : 0.9974
     | Epoch 2/10 - Actor loss : -0.1127, Critic loss : 0.9721
     | Epoch 3/10 - Actor loss : -0.1228, Critic loss : 0.9704
     | Epoch 4/10 - Actor loss : -0.1317, Critic loss : 0.9584
     | Epoch 5/10 - Actor loss : -0.1345, Critic loss : 0.9251
     | Epoch 6/10 - Actor loss : -0.1393, Critic loss : 1.0006
     | Epoch 7/10 - Actor loss : -0.1346, Critic loss : 0.8195
     | Epoch 8/10 - Actor loss : -0.1393, Critic loss : 0.7867
     | Epoch 9/10 - Actor loss : -0.1407, Critic loss : 0.7682
     | Epoch 10/10 - Actor loss : -0.1385, Critic loss : 0.7452
Episode 73/100 finished, total reward  : 0.000, actions taken : {'hold': 2011}
     | Epoch 1/10 - Actor loss : -0.1214, Critic loss : 0.7403
     | Epoch 2/10 - Actor loss : -0.1613, Critic loss : 0.6205
     | Epoch 3/10 - Actor loss : -0.1644, Critic loss : 0.6124
     | Epoch 4/10 - Actor loss : -0.1660, Critic loss : 0.6086
     | Epoch 5/10 - Actor loss : -0.1675, Critic loss : 0.6119
     | Epoch 6/10 - Actor loss : -0.1667, Critic loss : 0.6107
     | Epoch 7/10 - Actor loss : -0.1670, Critic loss : 0.6154
     | Epoch 8/10 - Actor loss : -0.1675, Critic loss : 0.6105
     | Epoch 9/10 - Actor loss : -0.1692, Critic loss : 0.6141
     | Epoch 10/10 - Actor loss : -0.1693, Critic loss : 0.6096
Episode 74/100 finished, total reward  : 0.000, actions taken : {'hold': 2011}
     | Epoch 1/10 - Actor loss : -0.0881, Critic loss : 0.9988
     | Epoch 2/10 - Actor loss : -0.0927, Critic loss : 0.9973
     | Epoch 3/10 - Actor loss : -0.0982, Critic loss : 1.0619
     | Epoch 4/10 - Actor loss : -0.0980, Critic loss : 1.0084
     | Epoch 5/10 - Actor loss : -0.0972, Critic loss : 0.9836
     | Epoch 6/10 - Actor loss : -0.1032, Critic loss : 1.0382
     | Epoch 7/10 - Actor loss : -0.1037, Critic loss : 1.0304
     | Epoch 8/10 - Actor loss : -0.1044, Critic loss : 1.0024
     | Epoch 9/10 - Actor loss : -0.1078, Critic loss : 1.0090
     | Epoch 10/10 - Actor loss : -0.1116, Critic loss : 1.0265
Episode 75/100 finished, total reward  : 0.000, actions taken : {'hold': 2011}
     | Epoch 1/10 - Actor loss : -0.0988, Critic loss : 1.0011
     | Epoch 2/10 - Actor loss : -0.1004, Critic loss : 0.9893
     | Epoch 3/10 - Actor loss : -0.1038, Critic loss : 1.0472
     | Epoch 4/10 - Actor loss : -0.1032, Critic loss : 0.9953
     | Epoch 5/10 - Actor loss : -0.1018, Critic loss : 0.9871
     | Epoch 6/10 - Actor loss : -0.1061, Critic loss : 1.0052
     | Epoch 7/10 - Actor loss : -0.1079, Critic loss : 0.9958
     | Epoch 8/10 - Actor loss : -0.1089, Critic loss : 0.9828
     | Epoch 9/10 - Actor loss : -0.1122, Critic loss : 0.9991
     | Epoch 10/10 - Actor loss : -0.1170, Critic loss : 1.0282
Episode 76/100 finished, total reward  : 0.000, actions taken : {'hold': 2011}
     | Epoch 1/10 - Actor loss : -0.0953, Critic loss : 1.0076
     | Epoch 2/10 - Actor loss : -0.1011, Critic loss : 1.0060
     | Epoch 3/10 - Actor loss : -0.1181, Critic loss : 1.0072
     | Epoch 4/10 - Actor loss : -0.1198, Critic loss : 1.0053
     | Epoch 5/10 - Actor loss : -0.1218, Critic loss : 1.0040
     | Epoch 6/10 - Actor loss : -0.1214, Critic loss : 1.0056
     | Epoch 7/10 - Actor loss : -0.1306, Critic loss : 1.0029
     | Epoch 8/10 - Actor loss : -0.1266, Critic loss : 0.9977
     | Epoch 9/10 - Actor loss : -0.1267, Critic loss : 1.0138
     | Epoch 10/10 - Actor loss : -0.1253, Critic loss : 0.9952
Episode 77/100 finished, total reward  : -20.660, actions taken : {'hold': 2006, 'buy': 3, 'sell': 2}
     | Epoch 1/10 - Actor loss : -0.0827, Critic loss : 0.9919
     | Epoch 2/10 - Actor loss : -0.0938, Critic loss : 0.9880
     | Epoch 3/10 - Actor loss : -0.0939, Critic loss : 1.0125
     | Epoch 4/10 - Actor loss : -0.0976, Critic loss : 0.9912
     | Epoch 5/10 - Actor loss : -0.0985, Critic loss : 0.9845
     | Epoch 6/10 - Actor loss : -0.1015, Critic loss : 0.9830
     | Epoch 7/10 - Actor loss : -0.1028, Critic loss : 0.9793
     | Epoch 8/10 - Actor loss : -0.1037, Critic loss : 0.9892
     | Epoch 9/10 - Actor loss : -0.1037, Critic loss : 0.9777
     | Epoch 10/10 - Actor loss : -0.1053, Critic loss : 0.9560
Episode 78/100 finished, total reward  : 0.000, actions taken : {'hold': 2011}
     | Epoch 1/10 - Actor loss : -0.1445, Critic loss : 1.0083
     | Epoch 2/10 - Actor loss : -0.1503, Critic loss : 1.0024
     | Epoch 3/10 - Actor loss : -0.1597, Critic loss : 1.0015
     | Epoch 4/10 - Actor loss : -0.1631, Critic loss : 0.9912
     | Epoch 5/10 - Actor loss : -0.1634, Critic loss : 0.9399
     | Epoch 6/10 - Actor loss : -0.1653, Critic loss : 0.8362
     | Epoch 7/10 - Actor loss : -0.1614, Critic loss : 0.7251
     | Epoch 8/10 - Actor loss : -0.1583, Critic loss : 0.6592
     | Epoch 9/10 - Actor loss : -0.1667, Critic loss : 0.6654
     | Epoch 10/10 - Actor loss : -0.1615, Critic loss : 0.6459
Episode 79/100 finished, total reward  : 3564.230, actions taken : {'hold': 1999, 'buy': 6, 'sell': 6}
     | Epoch 1/10 - Actor loss : -0.1000, Critic loss : 0.9051
     | Epoch 2/10 - Actor loss : -0.1150, Critic loss : 0.6825
     | Epoch 3/10 - Actor loss : -0.1235, Critic loss : 0.6207
     | Epoch 4/10 - Actor loss : -0.1241, Critic loss : 0.6211
     | Epoch 5/10 - Actor loss : -0.1219, Critic loss : 0.6373
     | Epoch 6/10 - Actor loss : -0.1225, Critic loss : 0.6288
     | Epoch 7/10 - Actor loss : -0.1250, Critic loss : 0.5869
     | Epoch 8/10 - Actor loss : -0.1296, Critic loss : 0.5734
     | Epoch 9/10 - Actor loss : -0.1285, Critic loss : 0.5767
     | Epoch 10/10 - Actor loss : -0.1255, Critic loss : 0.6055
... saving models ...
Episode 80/100 finished, total reward  : 576.081, actions taken : {'hold': 2003, 'buy': 4, 'sell': 4}
     | Epoch 1/10 - Actor loss : -0.1027, Critic loss : 0.6257
     | Epoch 2/10 - Actor loss : -0.1860, Critic loss : 0.5423
     | Epoch 3/10 - Actor loss : -0.1873, Critic loss : 0.5216
     | Epoch 4/10 - Actor loss : -0.1924, Critic loss : 0.5226
     | Epoch 5/10 - Actor loss : -0.1917, Critic loss : 0.5150
     | Epoch 6/10 - Actor loss : -0.1942, Critic loss : 0.5143
     | Epoch 7/10 - Actor loss : -0.1951, Critic loss : 0.5113
     | Epoch 8/10 - Actor loss : -0.1936, Critic loss : 0.5103
     | Epoch 9/10 - Actor loss : -0.1948, Critic loss : 0.5185
     | Epoch 10/10 - Actor loss : -0.1931, Critic loss : 0.5178
Episode 81/100 finished, total reward  : 0.000, actions taken : {'hold': 2011}
     | Epoch 1/10 - Actor loss : -0.1339, Critic loss : 0.7294
     | Epoch 2/10 - Actor loss : -0.1655, Critic loss : 0.5611
     | Epoch 3/10 - Actor loss : -0.1724, Critic loss : 0.5537
     | Epoch 4/10 - Actor loss : -0.1747, Critic loss : 0.5425
     | Epoch 5/10 - Actor loss : -0.1770, Critic loss : 0.5422
     | Epoch 6/10 - Actor loss : -0.1814, Critic loss : 0.5405
     | Epoch 7/10 - Actor loss : -0.1804, Critic loss : 0.5373
     | Epoch 8/10 - Actor loss : -0.1788, Critic loss : 0.5250
     | Epoch 9/10 - Actor loss : -0.1846, Critic loss : 0.5386
     | Epoch 10/10 - Actor loss : -0.1802, Critic loss : 0.5359
Episode 82/100 finished, total reward  : 0.000, actions taken : {'hold': 2011}
     | Epoch 1/10 - Actor loss : -0.0720, Critic loss : 0.9413
     | Epoch 2/10 - Actor loss : -0.1551, Critic loss : 0.9261
     | Epoch 3/10 - Actor loss : -0.1689, Critic loss : 0.9201
     | Epoch 4/10 - Actor loss : -0.1741, Critic loss : 0.9123
     | Epoch 5/10 - Actor loss : -0.1754, Critic loss : 0.9106
     | Epoch 6/10 - Actor loss : -0.1775, Critic loss : 0.9062
     | Epoch 7/10 - Actor loss : -0.1774, Critic loss : 0.9045
     | Epoch 8/10 - Actor loss : -0.1785, Critic loss : 0.8797
     | Epoch 9/10 - Actor loss : -0.1788, Critic loss : 0.8507
     | Epoch 10/10 - Actor loss : -0.1784, Critic loss : 0.8376
Episode 83/100 finished, total reward  : 0.000, actions taken : {'hold': 2011}
     | Epoch 1/10 - Actor loss : -0.0924, Critic loss : 0.8642
     | Epoch 2/10 - Actor loss : -0.1014, Critic loss : 0.7801
     | Epoch 3/10 - Actor loss : -0.1122, Critic loss : 0.7674
     | Epoch 4/10 - Actor loss : -0.1187, Critic loss : 0.7557
     | Epoch 5/10 - Actor loss : -0.1286, Critic loss : 0.7506
     | Epoch 6/10 - Actor loss : -0.1321, Critic loss : 0.7116
     | Epoch 7/10 - Actor loss : -0.1357, Critic loss : 0.6787
     | Epoch 8/10 - Actor loss : -0.1439, Critic loss : 0.6217
     | Epoch 9/10 - Actor loss : -0.1465, Critic loss : 0.5643
     | Epoch 10/10 - Actor loss : -0.1492, Critic loss : 0.5156
Episode 84/100 finished, total reward  : 0.000, actions taken : {'hold': 2011}
     | Epoch 1/10 - Actor loss : -0.1012, Critic loss : 0.5782
     | Epoch 2/10 - Actor loss : -0.1297, Critic loss : 0.3956
     | Epoch 3/10 - Actor loss : -0.1420, Critic loss : 0.3669
     | Epoch 4/10 - Actor loss : -0.1710, Critic loss : 0.3644
     | Epoch 5/10 - Actor loss : -0.1960, Critic loss : 0.3631
     | Epoch 6/10 - Actor loss : -0.2112, Critic loss : 0.3650
     | Epoch 7/10 - Actor loss : -0.2106, Critic loss : 0.3673
     | Epoch 8/10 - Actor loss : -0.2118, Critic loss : 0.3664
     | Epoch 9/10 - Actor loss : -0.2132, Critic loss : 0.3629
     | Epoch 10/10 - Actor loss : -0.2155, Critic loss : 0.3643
Episode 85/100 finished, total reward  : 0.000, actions taken : {'hold': 2011}
     | Epoch 1/10 - Actor loss : -0.0804, Critic loss : 1.0026
     | Epoch 2/10 - Actor loss : -0.1035, Critic loss : 0.9974
     | Epoch 3/10 - Actor loss : -0.1007, Critic loss : 1.0019
     | Epoch 4/10 - Actor loss : -0.1022, Critic loss : 0.9952
     | Epoch 5/10 - Actor loss : -0.1053, Critic loss : 0.9835
     | Epoch 6/10 - Actor loss : -0.1115, Critic loss : 0.9827
     | Epoch 7/10 - Actor loss : -0.1129, Critic loss : 0.9303
     | Epoch 8/10 - Actor loss : -0.1137, Critic loss : 0.8812
     | Epoch 9/10 - Actor loss : -0.1124, Critic loss : 0.8701
     | Epoch 10/10 - Actor loss : -0.1168, Critic loss : 0.8559
Episode 86/100 finished, total reward  : -1533.800, actions taken : {'hold': 1958, 'buy': 27, 'sell': 26}
     | Epoch 1/10 - Actor loss : -0.1005, Critic loss : 0.7422
     | Epoch 2/10 - Actor loss : -0.1420, Critic loss : 0.6477
     | Epoch 3/10 - Actor loss : -0.1529, Critic loss : 0.6427
     | Epoch 4/10 - Actor loss : -0.1628, Critic loss : 0.6423
     | Epoch 5/10 - Actor loss : -0.1657, Critic loss : 0.6524
     | Epoch 6/10 - Actor loss : -0.1689, Critic loss : 0.6370
     | Epoch 7/10 - Actor loss : -0.1681, Critic loss : 0.6320
     | Epoch 8/10 - Actor loss : -0.1684, Critic loss : 0.6394
     | Epoch 9/10 - Actor loss : -0.1731, Critic loss : 0.6420
     | Epoch 10/10 - Actor loss : -0.1767, Critic loss : 0.6334
Episode 87/100 finished, total reward  : 0.000, actions taken : {'hold': 2011}
     | Epoch 1/10 - Actor loss : -0.1011, Critic loss : 1.0108
     | Epoch 2/10 - Actor loss : -0.1353, Critic loss : 0.9918
     | Epoch 3/10 - Actor loss : -0.1419, Critic loss : 0.9996
     | Epoch 4/10 - Actor loss : -0.1528, Critic loss : 1.0091
     | Epoch 5/10 - Actor loss : -0.1478, Critic loss : 0.9940
     | Epoch 6/10 - Actor loss : -0.1568, Critic loss : 1.0090
     | Epoch 7/10 - Actor loss : -0.1535, Critic loss : 1.0038
     | Epoch 8/10 - Actor loss : -0.1550, Critic loss : 1.0027
     | Epoch 9/10 - Actor loss : -0.1542, Critic loss : 0.9964
     | Epoch 10/10 - Actor loss : -0.1581, Critic loss : 1.0115
Episode 88/100 finished, total reward  : 218.650, actions taken : {'hold': 1971, 'buy': 20, 'sell': 20}
     | Epoch 1/10 - Actor loss : -0.1290, Critic loss : 1.0071
     | Epoch 2/10 - Actor loss : -0.1616, Critic loss : 1.0063
     | Epoch 3/10 - Actor loss : -0.1598, Critic loss : 1.0000
     | Epoch 4/10 - Actor loss : -0.1603, Critic loss : 0.9931
     | Epoch 5/10 - Actor loss : -0.1687, Critic loss : 0.9427
     | Epoch 6/10 - Actor loss : -0.1645, Critic loss : 0.7960
     | Epoch 7/10 - Actor loss : -0.1659, Critic loss : 0.7649
     | Epoch 8/10 - Actor loss : -0.1637, Critic loss : 0.7581
     | Epoch 9/10 - Actor loss : -0.1635, Critic loss : 0.7433
     | Epoch 10/10 - Actor loss : -0.1667, Critic loss : 0.7353
Episode 89/100 finished, total reward  : -790.292, actions taken : {'hold': 2009, 'buy': 1, 'sell': 1}
     | Epoch 1/10 - Actor loss : -0.1071, Critic loss : 0.6690
     | Epoch 2/10 - Actor loss : -0.1631, Critic loss : 0.5449
     | Epoch 3/10 - Actor loss : -0.1696, Critic loss : 0.5434
     | Epoch 4/10 - Actor loss : -0.1758, Critic loss : 0.5384
     | Epoch 5/10 - Actor loss : -0.1773, Critic loss : 0.5397
     | Epoch 6/10 - Actor loss : -0.1756, Critic loss : 0.5390
     | Epoch 7/10 - Actor loss : -0.1776, Critic loss : 0.5257
     | Epoch 8/10 - Actor loss : -0.1776, Critic loss : 0.5205
     | Epoch 9/10 - Actor loss : -0.1816, Critic loss : 0.5144
     | Epoch 10/10 - Actor loss : -0.1791, Critic loss : 0.5260
Episode 90/100 finished, total reward  : 0.000, actions taken : {'hold': 2011}
     | Epoch 1/10 - Actor loss : -0.0984, Critic loss : 0.8700
     | Epoch 2/10 - Actor loss : -0.1714, Critic loss : 0.8402
     | Epoch 3/10 - Actor loss : -0.1767, Critic loss : 0.8397
     | Epoch 4/10 - Actor loss : -0.1802, Critic loss : 0.8433
     | Epoch 5/10 - Actor loss : -0.1865, Critic loss : 0.8082
     | Epoch 6/10 - Actor loss : -0.1848, Critic loss : 0.6893
     | Epoch 7/10 - Actor loss : -0.1883, Critic loss : 0.5517
     | Epoch 8/10 - Actor loss : -0.1872, Critic loss : 0.5816
     | Epoch 9/10 - Actor loss : -0.1910, Critic loss : 0.5461
     | Epoch 10/10 - Actor loss : -0.1897, Critic loss : 0.5416
Episode 91/100 finished, total reward  : 0.000, actions taken : {'hold': 2011}
     | Epoch 1/10 - Actor loss : -0.0894, Critic loss : 0.9360
     | Epoch 2/10 - Actor loss : -0.1061, Critic loss : 0.9210
     | Epoch 3/10 - Actor loss : -0.1087, Critic loss : 0.9093
     | Epoch 4/10 - Actor loss : -0.1102, Critic loss : 0.9083
     | Epoch 5/10 - Actor loss : -0.1153, Critic loss : 0.9305
     | Epoch 6/10 - Actor loss : -0.1195, Critic loss : 0.9158
     | Epoch 7/10 - Actor loss : -0.1202, Critic loss : 0.9042
     | Epoch 8/10 - Actor loss : -0.1209, Critic loss : 0.9097
     | Epoch 9/10 - Actor loss : -0.1212, Critic loss : 0.9238
     | Epoch 10/10 - Actor loss : -0.1186, Critic loss : 0.9104
Episode 92/100 finished, total reward  : -27.280, actions taken : {'hold': 1990, 'buy': 11, 'sell': 10}
     | Epoch 1/10 - Actor loss : -0.1090, Critic loss : 0.9403
     | Epoch 2/10 - Actor loss : -0.1209, Critic loss : 0.7694
     | Epoch 3/10 - Actor loss : -0.1208, Critic loss : 0.7422
     | Epoch 4/10 - Actor loss : -0.1186, Critic loss : 0.7258
     | Epoch 5/10 - Actor loss : -0.1252, Critic loss : 0.6471
     | Epoch 6/10 - Actor loss : -0.1263, Critic loss : 0.6203
     | Epoch 7/10 - Actor loss : -0.1260, Critic loss : 0.6033
     | Epoch 8/10 - Actor loss : -0.1238, Critic loss : 0.5848
     | Epoch 9/10 - Actor loss : -0.1234, Critic loss : 0.5668
     | Epoch 10/10 - Actor loss : -0.1287, Critic loss : 0.5419
Episode 93/100 finished, total reward  : -60.590, actions taken : {'hold': 2000, 'buy': 6, 'sell': 5}
     | Epoch 1/10 - Actor loss : -0.0986, Critic loss : 0.9150
     | Epoch 2/10 - Actor loss : -0.0983, Critic loss : 0.8706
     | Epoch 3/10 - Actor loss : -0.1007, Critic loss : 0.7887
     | Epoch 4/10 - Actor loss : -0.0991, Critic loss : 0.7664
     | Epoch 5/10 - Actor loss : -0.1007, Critic loss : 0.7220
     | Epoch 6/10 - Actor loss : -0.0962, Critic loss : 0.7122
     | Epoch 7/10 - Actor loss : -0.1008, Critic loss : 0.6169
     | Epoch 8/10 - Actor loss : -0.1001, Critic loss : 0.5593
     | Epoch 9/10 - Actor loss : -0.1006, Critic loss : 0.5348
     | Epoch 10/10 - Actor loss : -0.0987, Critic loss : 0.5135
Episode 94/100 finished, total reward  : -75.960, actions taken : {'hold': 1994, 'buy': 9, 'sell': 8}
     | Epoch 1/10 - Actor loss : -0.1237, Critic loss : 0.8857
     | Epoch 2/10 - Actor loss : -0.1457, Critic loss : 0.8488
     | Epoch 3/10 - Actor loss : -0.1525, Critic loss : 0.8594
     | Epoch 4/10 - Actor loss : -0.1539, Critic loss : 0.8530
     | Epoch 5/10 - Actor loss : -0.1574, Critic loss : 0.8792
     | Epoch 6/10 - Actor loss : -0.1561, Critic loss : 0.8295
     | Epoch 7/10 - Actor loss : -0.1562, Critic loss : 0.8005
     | Epoch 8/10 - Actor loss : -0.1582, Critic loss : 0.7868
     | Epoch 9/10 - Actor loss : -0.1605, Critic loss : 0.7761
     | Epoch 10/10 - Actor loss : -0.1614, Critic loss : 0.7639
Episode 95/100 finished, total reward  : 667.010, actions taken : {'hold': 1958, 'buy': 27, 'sell': 26}
     | Epoch 1/10 - Actor loss : -0.1245, Critic loss : 0.7028
     | Epoch 2/10 - Actor loss : -0.2103, Critic loss : 0.5783
     | Epoch 3/10 - Actor loss : -0.2133, Critic loss : 0.5461
     | Epoch 4/10 - Actor loss : -0.2154, Critic loss : 0.5311
     | Epoch 5/10 - Actor loss : -0.2154, Critic loss : 0.5382
     | Epoch 6/10 - Actor loss : -0.2195, Critic loss : 0.5283
     | Epoch 7/10 - Actor loss : -0.2202, Critic loss : 0.5283
     | Epoch 8/10 - Actor loss : -0.2205, Critic loss : 0.5189
     | Epoch 9/10 - Actor loss : -0.2219, Critic loss : 0.5195
     | Epoch 10/10 - Actor loss : -0.2249, Critic loss : 0.5243
Episode 96/100 finished, total reward  : -1923.921, actions taken : {'hold': 1999, 'buy': 6, 'sell': 6}
     | Epoch 1/10 - Actor loss : -0.1406, Critic loss : 0.7757
     | Epoch 2/10 - Actor loss : -0.1743, Critic loss : 0.7046
     | Epoch 3/10 - Actor loss : -0.1867, Critic loss : 0.6680
     | Epoch 4/10 - Actor loss : -0.1946, Critic loss : 0.6645
     | Epoch 5/10 - Actor loss : -0.1971, Critic loss : 0.6611
     | Epoch 6/10 - Actor loss : -0.1949, Critic loss : 0.6803
     | Epoch 7/10 - Actor loss : -0.1996, Critic loss : 0.6694
     | Epoch 8/10 - Actor loss : -0.2030, Critic loss : 0.6630
     | Epoch 9/10 - Actor loss : -0.2018, Critic loss : 0.6955
     | Epoch 10/10 - Actor loss : -0.1987, Critic loss : 0.6673
Episode 97/100 finished, total reward  : 3750.980, actions taken : {'hold': 1993, 'buy': 9, 'sell': 9}
     | Epoch 1/10 - Actor loss : -0.1340, Critic loss : 0.5581
     | Epoch 2/10 - Actor loss : -0.1556, Critic loss : 0.4470
     | Epoch 3/10 - Actor loss : -0.1554, Critic loss : 0.4088
     | Epoch 4/10 - Actor loss : -0.1602, Critic loss : 0.4066
     | Epoch 5/10 - Actor loss : -0.1644, Critic loss : 0.4036
     | Epoch 6/10 - Actor loss : -0.1638, Critic loss : 0.4006
     | Epoch 7/10 - Actor loss : -0.1618, Critic loss : 0.3912
     | Epoch 8/10 - Actor loss : -0.1667, Critic loss : 0.4015
     | Epoch 9/10 - Actor loss : -0.1638, Critic loss : 0.3949
     | Epoch 10/10 - Actor loss : -0.1680, Critic loss : 0.3999
Episode 98/100 finished, total reward  : 0.000, actions taken : {'hold': 2011}
     | Epoch 1/10 - Actor loss : -0.1188, Critic loss : 0.7408
     | Epoch 2/10 - Actor loss : -0.1221, Critic loss : 0.5656
     | Epoch 3/10 - Actor loss : -0.1269, Critic loss : 0.5778
     | Epoch 4/10 - Actor loss : -0.1229, Critic loss : 0.5574
     | Epoch 5/10 - Actor loss : -0.1231, Critic loss : 0.5588
     | Epoch 6/10 - Actor loss : -0.1289, Critic loss : 0.5615
     | Epoch 7/10 - Actor loss : -0.1244, Critic loss : 0.5597
     | Epoch 8/10 - Actor loss : -0.1246, Critic loss : 0.5635
     | Epoch 9/10 - Actor loss : -0.1268, Critic loss : 0.5567
     | Epoch 10/10 - Actor loss : -0.1272, Critic loss : 0.5564
Episode 99/100 finished, total reward  : 0.000, actions taken : {'hold': 2011}
     | Epoch 1/10 - Actor loss : -0.0824, Critic loss : 0.9622
     | Epoch 2/10 - Actor loss : -0.1057, Critic loss : 0.8732
     | Epoch 3/10 - Actor loss : -0.1141, Critic loss : 0.8334
     | Epoch 4/10 - Actor loss : -0.1143, Critic loss : 0.8562
     | Epoch 5/10 - Actor loss : -0.1202, Critic loss : 0.8313
     | Epoch 6/10 - Actor loss : -0.1180, Critic loss : 0.8537
     | Epoch 7/10 - Actor loss : -0.1234, Critic loss : 0.7529
     | Epoch 8/10 - Actor loss : -0.1222, Critic loss : 0.7305
     | Epoch 9/10 - Actor loss : -0.1242, Critic loss : 0.6884
     | Epoch 10/10 - Actor loss : -0.1233, Critic loss : 0.5930
... saving models ...
Episode 100/100 finished, total reward  : 0.000, actions taken : {'hold': 2011}
... saving models ...
... loading models ...
Total reward: 0.000, actions: {'hold': 2011}
Annual return: 0.000, Avg profit: 0.000, Volatility: 0.000, Sharpe: 0.000, Max DD: 0.000
QApplication: invalid style override 'kvantum' passed, ignoring it.
	Available styles: Windows, Fusion
... loading models ...
Total reward: 0.000, actions: {'hold': 502}
Annual return: 0.000, Avg profit: 0.000, Volatility: 0.000, Sharpe: 0.000, Max DD: 0.000
[DB] Saved trial: trained=0.000, tested=0.000
Saved trial 1
